/home/kiro06/dobot_workspace/install/dobot_robot_manager/lib/python3.12/site-packages/dobot_robot_manager/__init__.py
/home/kiro06/dobot_workspace/install/dobot_robot_manager/lib/python3.12/site-packages/dobot_robot_manager/interfaces.py
/home/kiro06/dobot_workspace/install/dobot_robot_manager/lib/python3.12/site-packages/dobot_robot_manager/client_node.py
/home/kiro06/dobot_workspace/install/dobot_robot_manager/lib/python3.12/site-packages/dobot_robot_manager/utils.py
/home/kiro06/dobot_workspace/install/dobot_robot_manager/lib/python3.12/site-packages/dobot_robot_manager/tcp_server.py
/home/kiro06/dobot_workspace/install/dobot_robot_manager/lib/python3.12/site-packages/dobot_robot_manager/server_node.py
/home/kiro06/dobot_workspace/install/dobot_robot_manager/lib/python3.12/site-packages/dobot_robot_manager/__pycache__/__init__.cpython-312.pyc
/home/kiro06/dobot_workspace/install/dobot_robot_manager/lib/python3.12/site-packages/dobot_robot_manager/__pycache__/interfaces.cpython-312.pyc
/home/kiro06/dobot_workspace/install/dobot_robot_manager/lib/python3.12/site-packages/dobot_robot_manager/__pycache__/client_node.cpython-312.pyc
/home/kiro06/dobot_workspace/install/dobot_robot_manager/lib/python3.12/site-packages/dobot_robot_manager/__pycache__/utils.cpython-312.pyc
/home/kiro06/dobot_workspace/install/dobot_robot_manager/lib/python3.12/site-packages/dobot_robot_manager/__pycache__/tcp_server.cpython-312.pyc
/home/kiro06/dobot_workspace/install/dobot_robot_manager/lib/python3.12/site-packages/dobot_robot_manager/__pycache__/server_node.cpython-312.pyc
/home/kiro06/dobot_workspace/install/dobot_robot_manager/share/ament_index/resource_index/packages/dobot_robot_manager
/home/kiro06/dobot_workspace/install/dobot_robot_manager/share/dobot_robot_manager/package.xml
/home/kiro06/dobot_workspace/install/dobot_robot_manager/share/dobot_robot_manager/launch/client_only.launch.py
/home/kiro06/dobot_workspace/install/dobot_robot_manager/share/dobot_robot_manager/launch/mulit_client.launch.py
/home/kiro06/dobot_workspace/install/dobot_robot_manager/share/dobot_robot_manager/launch/dobot_system.launch.py
/home/kiro06/dobot_workspace/install/dobot_robot_manager/share/dobot_robot_manager/launch/server_only.launch.py
/home/kiro06/dobot_workspace/install/dobot_robot_manager/share/dobot_robot_manager/config/robot_config.yaml
/home/kiro06/dobot_workspace/install/dobot_robot_manager/share/dobot_robot_manager/config/development.yaml
/home/kiro06/dobot_workspace/install/dobot_robot_manager/share/dobot_robot_manager/config/production.yaml
/home/kiro06/dobot_workspace/install/dobot_robot_manager/share/dobot_robot_manager/config/server_config.yaml
/home/kiro06/dobot_workspace/install/dobot_robot_manager/share/dobot_robot_manager/config/topics_config.yaml
/home/kiro06/dobot_workspace/install/dobot_robot_manager/share/dobot_robot_manager/config/launch_config.yaml
/home/kiro06/dobot_workspace/install/dobot_robot_manager/share/dobot_robot_manager/config/system_config.yaml
/home/kiro06/dobot_workspace/install/dobot_robot_manager/share/dobot_robot_manager/scripts
/home/kiro06/dobot_workspace/install/dobot_robot_manager/lib/python3.12/site-packages/dobot_robot_manager-1.0.0-py3.12.egg-info/zip-safe
/home/kiro06/dobot_workspace/install/dobot_robot_manager/lib/python3.12/site-packages/dobot_robot_manager-1.0.0-py3.12.egg-info/requires.txt
/home/kiro06/dobot_workspace/install/dobot_robot_manager/lib/python3.12/site-packages/dobot_robot_manager-1.0.0-py3.12.egg-info/SOURCES.txt
/home/kiro06/dobot_workspace/install/dobot_robot_manager/lib/python3.12/site-packages/dobot_robot_manager-1.0.0-py3.12.egg-info/entry_points.txt
/home/kiro06/dobot_workspace/install/dobot_robot_manager/lib/python3.12/site-packages/dobot_robot_manager-1.0.0-py3.12.egg-info/PKG-INFO
/home/kiro06/dobot_workspace/install/dobot_robot_manager/lib/python3.12/site-packages/dobot_robot_manager-1.0.0-py3.12.egg-info/top_level.txt
/home/kiro06/dobot_workspace/install/dobot_robot_manager/lib/python3.12/site-packages/dobot_robot_manager-1.0.0-py3.12.egg-info/dependency_links.txt
/home/kiro06/dobot_workspace/install/dobot_robot_manager/lib/dobot_robot_manager/dobot_client
/home/kiro06/dobot_workspace/install/dobot_robot_manager/lib/dobot_robot_manager/dobot_server
/home/kiro06/dobot_workspace/install/dobot_robot_manager/lib/dobot_robot_manager/dobot_tcp_server
